#
# A fatal error has been detected by the Java Runtime Environment:
#
#  EXCEPTION_ACCESS_VIOLATION (0xc0000005) at pc=0x00007ff940c026c4, pid=22488, tid=11408
#
# JRE version: OpenJDK Runtime Environment (24.0.1+9) (build 24.0.1+9-30)
# Java VM: OpenJDK 64-Bit Server VM (24.0.1+9-30, mixed mode, emulated-client, sharing, tiered, compressed oops, compressed class ptrs, g1 gc, windows-amd64)
# Problematic frame:
# C  [libasyncProfiler.dll+0x926c4]
#
# No core dump will be written. Minidumps are not enabled by default on client versions of Windows
#
# JFR recording file will be written. Location: C:\Users\galax\OneDrive\Documentos\GitHub\SistemaGestionBibliotecas\hs_err_pid22488.jfr
#
# If you would like to submit a bug report, please visit:
#   https://bugreport.java.com/bugreport/crash.jsp
# The crash happened outside the Java Virtual Machine in native code.
# See problematic frame for where to report the bug.
#

---------------  S U M M A R Y ------------

Command Line: -XX:TieredStopAtLevel=1 -Dspring.output.ansi.enabled=always -Dcom.sun.management.jmxremote -Dspring.jmx.enabled=true -Dspring.liveBeansView.mbeanDomain -Dspring.application.admin.enabled=true -Dmanagement.endpoints.jmx.exposure.include=* -javaagent:C:\Program Files\JetBrains\IntelliJ IDEA 2025.1.2\lib\idea_rt.jar=64886 -Dfile.encoding=UTF-8 -Dsun.stdout.encoding=UTF-8 -Dsun.stderr.encoding=UTF-8 com.biblioteca.biblioteca_backend.BibliotecaBackendApplication

Host: AMD Ryzen 5 7530U with Radeon Graphics         , 12 cores, 13G,  Windows 11 , 64 bit Build 26100 (10.0.26100.1882)
Time: Thu Jun 12 11:10:25 2025 Hora est. Sudamérica Pacífico elapsed time: 18.498548 seconds (0d 0h 0m 18s)

---------------  T H R E A D  ---------------

Current thread (0x000001569132c9e0):  JavaThread "Attach Listener" daemon [_thread_in_native, id=11408, stack(0x0000001f1dc00000,0x0000001f1dd00000) (1024K)]

Stack: [0x0000001f1dc00000,0x0000001f1dd00000],  sp=0x0000001f1dcfecf0,  free space=1019k
Native frames: (J=compiled Java code, j=interpreted, Vv=VM code, C=native code)
C  [libasyncProfiler.dll+0x926c4]  (no source info available)
C  [libasyncProfiler.dll+0x92b9b]  (no source info available)
C  [libasyncProfiler.dll+0x917f4]  (no source info available)
C  [libasyncProfiler.dll+0x9206a]  (no source info available)
C  [libasyncProfiler.dll+0x8cc21]  (no source info available)
C  [libasyncProfiler.dll+0x7e5e1]  (no source info available)
C  [libasyncProfiler.dll+0x7d2f8]  (no source info available)
C  [libasyncProfiler.dll+0x7d1e0]  (no source info available)
C  [libasyncProfiler.dll+0x841b9]  (no source info available)
V  [jvm.dll+0x57eff7]  (no source info available)
V  [jvm.dll+0x57fdac]  (no source info available)
V  [jvm.dll+0x14ca17]  (no source info available)
V  [jvm.dll+0x14dfe1]  (no source info available)
V  [jvm.dll+0x42f456]  (no source info available)
V  [jvm.dll+0x87d76b]  (no source info available)
V  [jvm.dll+0x72ee55]  (no source info available)
C  [ucrtbase.dll+0x14ea0]  (no source info available)
C  [KERNEL32.DLL+0x2dbe7]  (no source info available)
C  [ntdll.dll+0x85a4c]  (no source info available)


siginfo: EXCEPTION_ACCESS_VIOLATION (0xc0000005), reading address 0xffffffffffffffff


Registers:
RAX=0x0000000000000010, RBX=0x0000000000000000, RCX=0xffffffffffffffff, RDX=0x007ff93f18300010
RSP=0x0000001f1dcfecf0, RBP=0x00000156d71cfa80, RSI=0x0000001f1dcfee60, RDI=0x00000156d71cfa80
R8 =0x0000000000000042, R9 =0x0000000722a031d0, R10=0x00007ff93f3f9fb0, R11=0x0000000000000020
R12=0x0000001f1dcfee60, R13=0x00000156d75ed610, R14=0x000001569132cda8, R15=0x000001569132cda8
RIP=0x00007ff940c026c4, EFLAGS=0x0000000000010202

XMM[0]=0x0000000000000000 0x0000000000000000
XMM[1]=0x0000000000000000 0x0000000000000000
XMM[2]=0x0000000000000000 0x0000000000000000
XMM[3]=0x0000000000000000 0x0000000000000000
XMM[4]=0x0000000000000000 0x0000000000000000
XMM[5]=0x0000000000000000 0x0000000000000000
XMM[6]=0x0000000000000000 0x0000000000000000
XMM[7]=0x0000000000000000 0x0000000000000000
XMM[8]=0x0000000000000000 0x0000000000000000
XMM[9]=0x0000000000000000 0x0000000000000000
XMM[10]=0x0000000000000000 0x0000000000000000
XMM[11]=0x0000000000000000 0x0000000000000000
XMM[12]=0x0000000000000000 0x0000000000000000
XMM[13]=0x0000000000000000 0x0000000000000000
XMM[14]=0x0000000000000000 0x0000000000000000
XMM[15]=0x0000000000000000 0x0000000000000000
  MXCSR=0x00001fa0


Register to memory mapping:

RAX=0x0000000000000010 is an unknown value
RBX=0x0 is null
RCX=0xffffffffffffffff is an unknown value
RDX=0x007ff93f18300010 is an unknown value
RSP=0x0000001f1dcfecf0 is pointing into the stack for thread: 0x000001569132c9e0
RBP=0x00000156d71cfa80 points into unknown readable memory: 0x0000000722a031d0 | d0 31 a0 22 07 00 00 00
RSI=0x0000001f1dcfee60 is pointing into the stack for thread: 0x000001569132c9e0
RDI=0x00000156d71cfa80 points into unknown readable memory: 0x0000000722a031d0 | d0 31 a0 22 07 00 00 00
R8 =0x0000000000000042 is an unknown value
R9 =0x0000000722a031d0 is an oop: java.lang.ref.Reference$ReferenceHandler 
{0x0000000722a031d0} - klass: 'java/lang/ref/Reference$ReferenceHandler' - flags: 

 - ---- fields (total size 14 words):
 - 'threadLocalRandomProbe' 'I' @12  0 (0x00000000)
 - private volatile 'eetop' 'J' @16  1471314826480 (0x00000156913294f0)
 - private final 'tid' 'J' @24  14 (0x000000000000000e)
 - 'threadLocalRandomSeed' 'J' @32  0 (0x0000000000000000)
 - injected 'jvmti_thread_state' 'J' @40  1472489334880 (0x00000156d7342860)
 - 'threadLocalRandomSecondarySeed' 'I' @48  0 (0x00000000)
 - injected 'jvmti_VTMS_transition_disable_count' 'I' @52  0 (0x00000000)
 - injected 'jfr_epoch' 'S' @56  0 (0x0000)
 - volatile 'interrupted' 'Z' @58  false (0x00)
 - injected 'jvmti_is_in_VTMS_transition' 'Z' @59  false (0x00)
 - private volatile 'name' 'Ljava/lang/String;' @60  "Reference Handler"{0x00000007233a8ad0} (0xe467515a)
 - private volatile 'contextClassLoader' 'Ljava/lang/ClassLoader;' @64  null (0x00000000)
 - private final 'holder' 'Ljava/lang/Thread$FieldHolder;' @68  a 'java/lang/Thread$FieldHolder'{0x00000007227d57a8} (0xe44faaf5)
 - 'threadLocals' 'Ljava/lang/ThreadLocal$ThreadLocalMap;' @72  null (0x00000000)
 - 'inheritableThreadLocals' 'Ljava/lang/ThreadLocal$ThreadLocalMap;' @76  null (0x00000000)
 - private 'scopedValueBindings' 'Ljava/lang/Object;' @80  a 'java/lang/Class'{0x000000072339da40} = 'java/lang/Thread' (0xe4673b48)
 - final 'interruptLock' 'Ljava/lang/Object;' @84  a 'java/lang/Object'{0x00000007227d5798} (0xe44faaf3)
 - private volatile 'parkBlocker' 'Ljava/lang/Object;' @88  null (0x00000000)
 - private 'nioBlocker' 'Lsun/nio/ch/Interruptible;' @92  null (0x00000000)
 - private 'cont' 'Ljdk/internal/vm/Continuation;' @96  null (0x00000000)
 - private volatile 'uncaughtExceptionHandler' 'Ljava/lang/Thread$UncaughtExceptionHandler;' @100  null (0x00000000)
 - private 'container' 'Ljdk/internal/vm/ThreadContainer;' @104  null (0x00000000)
 - private volatile 'headStackableScopes' 'Ljdk/internal/vm/StackableScope;' @108  null (0x00000000)
R10=0x00007ff93f3f9fb0 jvm.dll
R11=0x0000000000000020 is an unknown value
R12=0x0000001f1dcfee60 is pointing into the stack for thread: 0x000001569132c9e0
R13=0x00000156d75ed610 points into unknown readable memory: 0x00007ff93f36a510 | 10 a5 36 3f f9 7f 00 00
R14=0x000001569132cda8 points into unknown readable memory: 0x00007ff93f3617b0 | b0 17 36 3f f9 7f 00 00
R15=0x000001569132cda8 points into unknown readable memory: 0x00007ff93f3617b0 | b0 17 36 3f f9 7f 00 00

Top of Stack: (sp=0x0000001f1dcfecf0)
0x0000001f1dcfecf0:   0000001f1dcfee60 00000156d71cfa80   `...........V...
0x0000001f1dcfed00:   0000000000000000 000001569132d130   ........0.2.V...
0x0000001f1dcfed10:   000000000000003d 00007ff940c02b9b   =........+.@....
0x0000001f1dcfed20:   0000000000000000 000001569132cda8   ..........2.V...
0x0000001f1dcfed30:   0000001f1dcfee01 0000000000000000   ................
0x0000001f1dcfed40:   00000156da9c4100 00007ff940c017f4   .A..V......@....
0x0000001f1dcfed50:   0000000000000000 000000000000003d   ........=.......
0x0000001f1dcfed60:   0000000000000000 000000000000003d   ........=.......
0x0000001f1dcfed70:   0000002100000002 00000156da9c3aa0   ....!....:..V...
0x0000001f1dcfed80:   00000156da9c4100 00000156da9c41f4   .A..V....A..V...
0x0000001f1dcfed90:   00000156da9c41fc 000000000000537c   .A..V...|S......
0x0000001f1dcfeda0:   0000000000000000 0000000000000000   ................
0x0000001f1dcfedb0:   0000000000000000 00007ff93ebc57d4   .........W.>....
0x0000001f1dcfedc0:   00007ff940d44ca0 00000000000057d8   .L.@.....W......
0x0000001f1dcfedd0:   00007ff940d44ca0 00000000ffffffff   .L.@............
0x0000001f1dcfede0:   0000000000000000 00007ff940c0206a   ........j .@....
0x0000001f1dcfedf0:   000001569132cda8 0000000000000000   ..2.V...........
0x0000001f1dcfee00:   0000001f1dcfee69 00000156d75ed610   i.........^.V...
0x0000001f1dcfee10:   0000000000000004 0000000000000048   ........H.......
0x0000001f1dcfee20:   0000000800800310 0000000000000020   ........ .......
0x0000001f1dcfee30:   000001569132cda8 00007ff940d44ca0   ..2.V....L.@....
0x0000001f1dcfee40:   00000156911da590 00000156d7342860   ....V...`(4.V...
0x0000001f1dcfee50:   0000000800800390 000001569132cda8   ..........2.V...
0x0000001f1dcfee60:   00000156da9d6380 00000156da9d6b20   .c..V... k..V...
0x0000001f1dcfee70:   00000156da9d6b20 00007ff940d44ca0    k..V....L.@....
0x0000001f1dcfee80:   00000156d761cf48 0000001f1dcfeff8   H.a.V...........
0x0000001f1dcfee90:   0000001f1dcff130 0000000000008840   0.......@.......
0x0000001f1dcfeea0:   0000001f1dcff310 00007ff940d44cf0   .........L.@....
0x0000001f1dcfeeb0:   0000000000989680 0000000000989680   ................
0x0000001f1dcfeec0:   0000001f1dcfefd0 00007ff940bfcc21   ........!..@....
0x0000001f1dcfeed0:   00007ff940d44ca0 00007ff940d44cf8   .L.@.....L.@....
0x0000001f1dcfeee0:   00007ff900000000 00007ff900000001   ................

Instructions: (pc=0x00007ff940c026c4)
  0x00007ff940c025c4:   cc cc cc cc cc cc cc cc cc cc cc cc cc cc cc cc
  0x00007ff940c025d4:   cc cc cc cc cc cc cc cc cc cc cc cc cc cc cc cc
  0x00007ff940c025e4:   cc cc cc cc cc cc cc cc cc cc cc cc cc cc cc cc
  0x00007ff940c025f4:   cc cc cc cc cc cc cc cc cc cc cc cc cc cc cc cc
  0x00007ff940c02604:   cc cc cc cc cc cc cc cc cc cc cc cc cc cc cc cc
  0x00007ff940c02614:   cc cc cc cc cc cc cc cc cc cc cc cc cc cc cc cc
  0x00007ff940c02624:   cc cc cc cc cc cc cc cc cc cc cc cc cc cc cc cc
  0x00007ff940c02634:   cc cc cc cc cc cc cc cc cc cc cc cc cc cc cc cc
  0x00007ff940c02644:   cc cc cc cc cc cc cc cc cc cc cc cc 40 57 48 83
  0x00007ff940c02654:   ec 20 48 8b f9 48 8b 0d 10 28 14 00 48 85 c9 74
  0x00007ff940c02664:   20 48 8b 01 48 8d 54 24 38 41 b8 06 00 01 00 4c
  0x00007ff940c02674:   8b 48 30 41 ff d1 85 c0 75 07 48 8b 4c 24 38 eb
  0x00007ff940c02684:   02 33 c9 4c 8b 05 ea 28 14 00 48 89 5c 24 30 4d
  0x00007ff940c02694:   85 c0 74 4a 48 8b 01 48 8b d7 4c 8b 88 28 03 00
  0x00007ff940c026a4:   00 41 ff d1 48 85 c0 74 35 48 63 0d f8 e6 13 00
  0x00007ff940c026b4:   48 8b 14 01 48 85 d2 74 15 48 63 05 fc e6 13 00
=>0x00007ff940c026c4:   8b 04 10 48 8b 5c 24 30 48 83 c4 20 5f c3 b8 ff
  0x00007ff940c026d4:   ff ff ff 48 8b 5c 24 30 48 83 c4 20 5f c3 80 3d
  0x00007ff940c026e4:   9b 27 14 00 00 bb ff ff ff ff 74 20 4c 8b 0d 31
  0x00007ff940c026f4:   24 14 00 4c 8d 44 24 38 48 8b 0d 15 24 14 00 48
  0x00007ff940c02704:   8b d7 41 ff d1 85 c0 0f 44 5c 24 38 8b c3 48 8b
  0x00007ff940c02714:   5c 24 30 48 83 c4 20 5f c3 cc cc cc cc cc cc cc
  0x00007ff940c02724:   cc cc cc cc cc cc cc cc cc cc cc cc cc cc cc cc
  0x00007ff940c02734:   cc cc cc cc cc cc cc cc cc cc cc cc cc cc cc cc
  0x00007ff940c02744:   cc cc cc cc cc cc cc cc cc cc cc cc 48 89 54 24
  0x00007ff940c02754:   10 53 55 56 57 41 56 41 57 48 83 ec 28 48 8b f2
  0x00007ff940c02764:   4c 8b f1 48 89 4c 24 78 45 33 ff 44 89 7c 24 68
  0x00007ff940c02774:   c7 44 24 60 01 00 00 00 48 8d 4c 24 68 e8 ed 42
  0x00007ff940c02784:   f7 ff 8b d8 48 8d 4c 24 60 e8 e1 42 f7 ff 8b e8
  0x00007ff940c02794:   49 8b ce e8 00 fc f6 ff 48 8b f8 90 8b c3 f0 0f
  0x00007ff940c027a4:   b1 2f 74 04 f3 90 eb f4 4c 89 3e 4c 89 7e 08 4c
  0x00007ff940c027b4:   89 7e 10 49 8b 6e 08 4d 8b 76 10 49 3b ee 0f 84


Stack slot to memory mapping:

stack at sp + 0 slots: 0x0000001f1dcfee60 is pointing into the stack for thread: 0x000001569132c9e0
stack at sp + 1 slots: 0x00000156d71cfa80 points into unknown readable memory: 0x0000000722a031d0 | d0 31 a0 22 07 00 00 00
stack at sp + 2 slots: 0x0 is null
stack at sp + 3 slots: 0x000001569132d130 points into unknown readable memory: 0x6e616c2e6176616a | 6a 61 76 61 2e 6c 61 6e
stack at sp + 4 slots: 0x000000000000003d is an unknown value
stack at sp + 5 slots: 0x00007ff940c02b9b libasyncProfiler.dll
stack at sp + 6 slots: 0x0 is null
stack at sp + 7 slots: 0x000001569132cda8 points into unknown readable memory: 0x00007ff93f3617b0 | b0 17 36 3f f9 7f 00 00

Lock stack of current Java thread (top to bottom):


---------------  P R O C E S S  ---------------

Threads class SMR info:
_java_thread_list=0x00000156d7524c10, length=38, elements={
0x00000156913294f0, 0x0000015691329c30, 0x000001569132bc30, 0x000001569132c9e0,
0x000001569132d510, 0x000001569132e2a0, 0x00000156913343d0, 0x00000156914c5270,
0x00000156d70bde40, 0x00000156d70bef70, 0x00000156d76e6540, 0x00000156d76fe7e0,
0x00000156d7742b70, 0x00000156d77442f0, 0x00000156d77da740, 0x00000156d7922170,
0x00000156d791f590, 0x00000156d7920430, 0x00000156d7920b80, 0x00000156d79212d0,
0x00000156d892c020, 0x00000156d892dd60, 0x00000156d892d610, 0x00000156d892c770,
0x00000156d892ec00, 0x00000156d892e4b0, 0x00000156d892cec0, 0x00000156d892b8d0,
0x00000156d8932680, 0x00000156d8931f30, 0x00000156d8930940, 0x00000156d8931090,
0x00000156d892f350, 0x00000156d89317e0, 0x00000156d892faa0, 0x00000156d979d5c0,
0x00000156da987c50, 0x00000156d89301f0
}

Java Threads: ( => current thread )
  0x00000156913294f0 JavaThread "Reference Handler"          daemon [_thread_blocked, id=11568, stack(0x0000001f1d900000,0x0000001f1da00000) (1024K)]
  0x0000015691329c30 JavaThread "Finalizer"                  daemon [_thread_blocked, id=14008, stack(0x0000001f1da00000,0x0000001f1db00000) (1024K)]
  0x000001569132bc30 JavaThread "Signal Dispatcher"          daemon [_thread_blocked, id=22156, stack(0x0000001f1db00000,0x0000001f1dc00000) (1024K)]
=>0x000001569132c9e0 JavaThread "Attach Listener"            daemon [_thread_in_native, id=11408, stack(0x0000001f1dc00000,0x0000001f1dd00000) (1024K)]
  0x000001569132d510 JavaThread "Service Thread"             daemon [_thread_blocked, id=4744, stack(0x0000001f1dd00000,0x0000001f1de00000) (1024K)]
  0x000001569132e2a0 JavaThread "Monitor Deflation Thread"   daemon [_thread_blocked, id=14000, stack(0x0000001f1de00000,0x0000001f1df00000) (1024K)]
  0x00000156913343d0 JavaThread "C1 CompilerThread0"         daemon [_thread_blocked, id=5108, stack(0x0000001f1df00000,0x0000001f1e000000) (1024K)]
  0x00000156914c5270 JavaThread "Common-Cleaner"             daemon [_thread_blocked, id=420, stack(0x0000001f1e200000,0x0000001f1e300000) (1024K)]
  0x00000156d70bde40 JavaThread "Monitor Ctrl-Break"         daemon [_thread_in_native, id=20252, stack(0x0000001f1e100000,0x0000001f1e200000) (1024K)]
  0x00000156d70bef70 JavaThread "Notification Thread"        daemon [_thread_blocked, id=22368, stack(0x0000001f1e300000,0x0000001f1e400000) (1024K)]
  0x00000156d76e6540 JavaThread "RMI TCP Accept-0"           daemon [_thread_in_native, id=12616, stack(0x0000001f1e600000,0x0000001f1e700000) (1024K)]
  0x00000156d76fe7e0 JavaThread "RMI TCP Connection(1)-172.16.79.154" daemon [_thread_in_native, id=13364, stack(0x0000001f1e700000,0x0000001f1e800000) (1024K)]
  0x00000156d7742b70 JavaThread "RMI Scheduler(0)"           daemon [_thread_blocked, id=7712, stack(0x0000001f1e800000,0x0000001f1e900000) (1024K)]
  0x00000156d77442f0 JavaThread "JMX server connection timeout 31" daemon [_thread_blocked, id=2872, stack(0x0000001f1e900000,0x0000001f1ea00000) (1024K)]
  0x00000156d77da740 JavaThread "RMI TCP Connection(2)-172.16.79.154" daemon [_thread_in_native, id=11216, stack(0x0000001f1ea00000,0x0000001f1eb00000) (1024K)]
  0x00000156d7922170 JavaThread "Catalina-utility-1"                [_thread_blocked, id=5696, stack(0x0000001f1f800000,0x0000001f1f900000) (1024K)]
  0x00000156d791f590 JavaThread "Catalina-utility-2"                [_thread_blocked, id=11348, stack(0x0000001f1f900000,0x0000001f1fa00000) (1024K)]
  0x00000156d7920430 JavaThread "container-0"                       [_thread_blocked, id=7396, stack(0x0000001f1fa00000,0x0000001f1fb00000) (1024K)]
  0x00000156d7920b80 JavaThread "mysql-cj-abandoned-connection-cleanup" daemon [_thread_blocked, id=20092, stack(0x0000001f1fb00000,0x0000001f1fc00000) (1024K)]
  0x00000156d79212d0 JavaThread "File Watcher"               daemon [_thread_blocked, id=15664, stack(0x0000001f1fd00000,0x0000001f1fe00000) (1024K)]
  0x00000156d892c020 JavaThread "Live Reload Server"         daemon [_thread_in_native, id=13324, stack(0x0000001f1ff00000,0x0000001f20000000) (1024K)]
  0x00000156d892dd60 JavaThread "http-nio-8080-exec-1"       daemon [_thread_blocked, id=13484, stack(0x0000001f1fe00000,0x0000001f1ff00000) (1024K)]
  0x00000156d892d610 JavaThread "http-nio-8080-exec-2"       daemon [_thread_blocked, id=16340, stack(0x0000001f20000000,0x0000001f20100000) (1024K)]
  0x00000156d892c770 JavaThread "http-nio-8080-exec-3"       daemon [_thread_blocked, id=16404, stack(0x0000001f20100000,0x0000001f20200000) (1024K)]
  0x00000156d892ec00 JavaThread "http-nio-8080-exec-4"       daemon [_thread_blocked, id=9176, stack(0x0000001f20200000,0x0000001f20300000) (1024K)]
  0x00000156d892e4b0 JavaThread "http-nio-8080-exec-5"       daemon [_thread_blocked, id=3428, stack(0x0000001f20300000,0x0000001f20400000) (1024K)]
  0x00000156d892cec0 JavaThread "http-nio-8080-exec-6"       daemon [_thread_blocked, id=8896, stack(0x0000001f20400000,0x0000001f20500000) (1024K)]
  0x00000156d892b8d0 JavaThread "http-nio-8080-exec-7"       daemon [_thread_blocked, id=15964, stack(0x0000001f20500000,0x0000001f20600000) (1024K)]
  0x00000156d8932680 JavaThread "http-nio-8080-exec-8"       daemon [_thread_blocked, id=6468, stack(0x0000001f20600000,0x0000001f20700000) (1024K)]
  0x00000156d8931f30 JavaThread "http-nio-8080-exec-9"       daemon [_thread_blocked, id=13848, stack(0x0000001f20700000,0x0000001f20800000) (1024K)]
  0x00000156d8930940 JavaThread "http-nio-8080-exec-10"      daemon [_thread_blocked, id=4208, stack(0x0000001f20800000,0x0000001f20900000) (1024K)]
  0x00000156d8931090 JavaThread "http-nio-8080-Poller"       daemon [_thread_in_native, id=4844, stack(0x0000001f20900000,0x0000001f20a00000) (1024K)]
  0x00000156d892f350 JavaThread "http-nio-8080-Acceptor"     daemon [_thread_in_native, id=14048, stack(0x0000001f20a00000,0x0000001f20b00000) (1024K)]
  0x00000156d89317e0 JavaThread "DestroyJavaVM"                     [_thread_blocked, id=2184, stack(0x0000001f1d100000,0x0000001f1d200000) (1024K)]
  0x00000156d892faa0 JavaThread "JFR Recorder Thread"        daemon [_thread_in_native, id=2232, stack(0x0000001f1e000000,0x0000001f1e100000) (1024K)]
  0x00000156d979d5c0 JavaThread "C1 CompilerThread1"         daemon [_thread_blocked, id=14084, stack(0x0000001f1e400000,0x0000001f1e500000) (1024K)]
  0x00000156da987c50 JavaThread "C1 CompilerThread2"         daemon [_thread_blocked, id=16220, stack(0x0000001f1e500000,0x0000001f1e600000) (1024K)]
  0x00000156d89301f0 JavaThread "JFR Periodic Tasks"         daemon [_thread_blocked, id=21372, stack(0x0000001f1eb00000,0x0000001f1ec00000) (1024K)]
Total: 38

Other Threads:
  0x0000015691317a30 VMThread "VM Thread"                           [id=10316, stack(0x0000001f1d800000,0x0000001f1d900000) (1024K)]
  0x00000156911e39e0 WatcherThread "VM Periodic Task Thread"        [id=21984, stack(0x0000001f1d700000,0x0000001f1d800000) (1024K)]
  0x00000156fe3e4260 WorkerThread "GC Thread#0"                     [id=5584, stack(0x0000001f1d200000,0x0000001f1d300000) (1024K)]
  0x00000156d7a2f7a0 WorkerThread "GC Thread#1"                     [id=13804, stack(0x0000001f1ed00000,0x0000001f1ee00000) (1024K)]
  0x00000156d7a371d0 WorkerThread "GC Thread#2"                     [id=22184, stack(0x0000001f1ee00000,0x0000001f1ef00000) (1024K)]
  0x00000156d7a37580 WorkerThread "GC Thread#3"                     [id=3300, stack(0x0000001f1ef00000,0x0000001f1f000000) (1024K)]
  0x00000156d7a71b20 WorkerThread "GC Thread#4"                     [id=15832, stack(0x0000001f1f000000,0x0000001f1f100000) (1024K)]
  0x00000156d7a71ed0 WorkerThread "GC Thread#5"                     [id=12992, stack(0x0000001f1f100000,0x0000001f1f200000) (1024K)]
  0x00000156d7aa66f0 WorkerThread "GC Thread#6"                     [id=17184, stack(0x0000001f1f200000,0x0000001f1f300000) (1024K)]
  0x00000156d7aa7d10 WorkerThread "GC Thread#7"                     [id=10132, stack(0x0000001f1f300000,0x0000001f1f400000) (1024K)]
  0x00000156d7aa7960 WorkerThread "GC Thread#8"                     [id=22056, stack(0x0000001f1f400000,0x0000001f1f500000) (1024K)]
  0x00000156d82b9170 WorkerThread "GC Thread#9"                     [id=11956, stack(0x0000001f1f500000,0x0000001f1f600000) (1024K)]
  0x00000156fe3f75a0 ConcurrentGCThread "G1 Main Marker"            [id=18736, stack(0x0000001f1d300000,0x0000001f1d400000) (1024K)]
  0x00000156fe3f8f70 WorkerThread "G1 Conc#0"                       [id=14624, stack(0x0000001f1d400000,0x0000001f1d500000) (1024K)]
  0x00000156d82bab40 WorkerThread "G1 Conc#1"                       [id=7628, stack(0x0000001f1f600000,0x0000001f1f700000) (1024K)]
  0x00000156d82b9520 WorkerThread "G1 Conc#2"                       [id=16284, stack(0x0000001f1f700000,0x0000001f1f800000) (1024K)]
  0x00000156911d59f0 ConcurrentGCThread "G1 Refine#0"               [id=6140, stack(0x0000001f1d500000,0x0000001f1d600000) (1024K)]
  0x00000156911d8230 ConcurrentGCThread "G1 Service"                [id=18108, stack(0x0000001f1d600000,0x0000001f1d700000) (1024K)]
Total: 18

Threads with active compile tasks:
Total: 0

VM state: not at safepoint (normal execution)

VM Mutex/Monitor currently owned by a thread: None

Heap address: 0x0000000722600000, size: 3546 MB, Compressed Oops mode: Zero based, Oop shift amount: 3

CDS archive(s) mapped at: [0x0000015692000000-0x0000015692d40000-0x0000015692d40000), size 13893632, SharedBaseAddress: 0x0000015692000000, ArchiveRelocationMode: 1.
Compressed class space mapped at: 0x0000015693000000-0x00000156d3000000, reserved size: 1073741824
UseCompressedClassPointers 1, UseCompactObjectHeaders 0
Narrow klass pointer bits 32, Max shift 3
Narrow klass base: 0x0000015692000000, Narrow klass shift: 0
Encoding Range: [0x0000015692000000 - 0x0000015792000000), (4294967296 bytes)
Klass Range:    [0x0000015692000000 - 0x00000156d3000000), (1090519040 bytes)
Klass ID Range:  [8 - 1090519033) (1090519025)

GC Precious Log:
 CardTable entry size: 512
 Card Set container configuration: InlinePtr #cards 4 size 8 Array Of Cards #cards 16 size 48 Howl #buckets 8 coarsen threshold 3686 Howl Bitmap #cards 512 size 80 coarsen threshold 460 Card regions per heap region 1 cards per card region 4096
 CPUs: 12 total, 12 available
 Memory: 14177M
 Large Page Support: Disabled
 NUMA Support: Disabled
 Compressed Oops: Enabled (Zero based)
 Heap Region Size: 2M
 Heap Min Capacity: 8M
 Heap Initial Capacity: 222M
 Heap Max Capacity: 3546M
 Pre-touch: Disabled
 Parallel Workers: 10
 Concurrent Workers: 3
 Concurrent Refinement Workers: 10
 Periodic GC: Disabled

Heap:
 garbage-first heap   total reserved 3631104K, committed 55296K, used 30277K [0x0000000722600000, 0x0000000800000000)
  region size 2048K, 3 young (6144K), 2 survivors (4096K)
 Metaspace       used 50585K, committed 51136K, reserved 1114112K
  class space    used 5701K, committed 5952K, reserved 1048576K

Heap Regions: E=young(eden), S=young(survivor), O=old, HS=humongous(starts), HC=humongous(continues), CS=collection set, F=free, TAMS=top-at-mark-start, PB=parsable bottom
|   0|0x0000000722600000, 0x0000000722800000, 0x0000000722800000|100%| O|  |TAMS 0x0000000722600000| PB 0x0000000722600000| Untracked |  0
|   1|0x0000000722800000, 0x0000000722a00000, 0x0000000722a00000|100%| O|  |TAMS 0x0000000722800000| PB 0x0000000722800000| Untracked |  0
|   2|0x0000000722a00000, 0x0000000722c00000, 0x0000000722c00000|100%| O|  |TAMS 0x0000000722a00000| PB 0x0000000722a00000| Untracked |  0
|   3|0x0000000722c00000, 0x0000000722e00000, 0x0000000722e00000|100%| O|  |TAMS 0x0000000722c00000| PB 0x0000000722c00000| Untracked |  0
|   4|0x0000000722e00000, 0x0000000723000000, 0x0000000723000000|100%| O|  |TAMS 0x0000000722e00000| PB 0x0000000722e00000| Untracked |  0
|   5|0x0000000723000000, 0x0000000723200000, 0x0000000723200000|100%| O|  |TAMS 0x0000000723000000| PB 0x0000000723000000| Untracked |  0
|   6|0x0000000723200000, 0x0000000723400000, 0x0000000723400000|100%| O|  |TAMS 0x0000000723200000| PB 0x0000000723200000| Untracked |  0
|   7|0x0000000723400000, 0x0000000723600000, 0x0000000723600000|100%| O|  |TAMS 0x0000000723400000| PB 0x0000000723400000| Untracked |  0
|   8|0x0000000723600000, 0x0000000723800000, 0x0000000723800000|100%| O|  |TAMS 0x0000000723600000| PB 0x0000000723600000| Untracked |  0
|   9|0x0000000723800000, 0x0000000723a00000, 0x0000000723a00000|100%| O|  |TAMS 0x0000000723800000| PB 0x0000000723800000| Untracked |  0
|  10|0x0000000723a00000, 0x0000000723c00000, 0x0000000723c00000|100%| O|  |TAMS 0x0000000723a00000| PB 0x0000000723a00000| Untracked |  0
|  11|0x0000000723c00000, 0x0000000723e00000, 0x0000000723e00000|100%| O|  |TAMS 0x0000000723c00000| PB 0x0000000723c00000| Untracked |  0
|  12|0x0000000723e00000, 0x0000000724000000, 0x0000000724000000|100%| O|  |TAMS 0x0000000723e00000| PB 0x0000000723e00000| Untracked |  0
|  13|0x0000000724000000, 0x0000000724000000, 0x0000000724200000|  0%| F|  |TAMS 0x0000000724000000| PB 0x0000000724000000| Untracked |  0
|  14|0x0000000724200000, 0x0000000724200000, 0x0000000724400000|  0%| F|  |TAMS 0x0000000724200000| PB 0x0000000724200000| Untracked |  0
|  15|0x0000000724400000, 0x00000007244435c8, 0x0000000724600000| 13%| O|  |TAMS 0x0000000724400000| PB 0x0000000724400000| Untracked |  0
|  16|0x0000000724600000, 0x000000072474e000, 0x0000000724800000| 65%| S|CS|TAMS 0x0000000724600000| PB 0x0000000724600000| Complete |  0
|  17|0x0000000724800000, 0x0000000724a00000, 0x0000000724a00000|100%| S|CS|TAMS 0x0000000724800000| PB 0x0000000724800000| Complete |  0
|  18|0x0000000724a00000, 0x0000000724a00000, 0x0000000724c00000|  0%| F|  |TAMS 0x0000000724a00000| PB 0x0000000724a00000| Untracked |  0
|  19|0x0000000724c00000, 0x0000000724c00000, 0x0000000724e00000|  0%| F|  |TAMS 0x0000000724c00000| PB 0x0000000724c00000| Untracked |  0
|  78|0x000000072c200000, 0x000000072c200000, 0x000000072c400000|  0%| F|  |TAMS 0x000000072c200000| PB 0x000000072c200000| Untracked |  0
|  79|0x000000072c400000, 0x000000072c400000, 0x000000072c600000|  0%| F|  |TAMS 0x000000072c400000| PB 0x000000072c400000| Untracked |  0
|  80|0x000000072c600000, 0x000000072c600000, 0x000000072c800000|  0%| F|  |TAMS 0x000000072c600000| PB 0x000000072c600000| Untracked |  0
|  81|0x000000072c800000, 0x000000072c800000, 0x000000072ca00000|  0%| F|  |TAMS 0x000000072c800000| PB 0x000000072c800000| Untracked |  0
|  82|0x000000072ca00000, 0x000000072ca00000, 0x000000072cc00000|  0%| F|  |TAMS 0x000000072ca00000| PB 0x000000072ca00000| Untracked |  0
| 110|0x0000000730200000, 0x0000000730200000, 0x0000000730400000|  0%| F|  |TAMS 0x0000000730200000| PB 0x0000000730200000| Untracked |  0
|1772|0x00000007ffe00000, 0x00000007fff1cba0, 0x0000000800000000| 55%| E|  |TAMS 0x00000007ffe00000| PB 0x00000007ffe00000| Complete |  0

Card table byte_map: [0x00000156fef70000,0x00000156ff660000] _byte_map_base: 0x00000156fb65d000

Marking Bits: (CMBitMap*) 0x00000156fe3e4880
 Bits: [0x000001568b7e0000, 0x000001568ef48000)

Polling page: 0x00000156fdab0000

Metaspace:

Usage:
  Non-class:     43.83 MB used.
      Class:      5.57 MB used.
       Both:     49.40 MB used.

Virtual space:
  Non-class space:       64.00 MB reserved,      44.12 MB ( 69%) committed,  1 nodes.
      Class space:        1.00 GB reserved,       5.81 MB ( <1%) committed,  1 nodes.
             Both:        1.06 GB reserved,      49.94 MB (  5%) committed. 

Chunk freelists:
   Non-Class:  3.00 MB
       Class:  10.12 MB
        Both:  13.12 MB

MaxMetaspaceSize: unlimited
CompressedClassSpaceSize: 1.00 GB
Initial GC threshold: 21.00 MB
Current GC threshold: 59.00 MB
CDS: on
 - commit_granule_bytes: 65536.
 - commit_granule_words: 8192.
 - virtual_space_node_default_size: 8388608.
 - enlarge_chunks_in_place: 1.
UseCompressedClassPointers 1, UseCompactObjectHeaders 0
Narrow klass pointer bits 32, Max shift 3
Narrow klass base: 0x0000015692000000, Narrow klass shift: 0
Encoding Range: [0x0000015692000000 - 0x0000015792000000), (4294967296 bytes)
Klass Range:    [0x0000015692000000 - 0x00000156d3000000), (1090519040 bytes)
Klass ID Range:  [8 - 1090519033) (1090519025)


Internal statistics:

num_allocs_failed_limit: 6.
num_arena_births: 660.
num_arena_deaths: 0.
num_vsnodes_births: 2.
num_vsnodes_deaths: 0.
num_space_committed: 799.
num_space_uncommitted: 0.
num_chunks_returned_to_freelist: 6.
num_chunks_taken_from_freelist: 2349.
num_chunk_merges: 6.
num_chunk_splits: 1708.
num_chunks_enlarged: 1380.
num_inconsistent_stats: 0.

CodeCache: size=49152Kb used=8979Kb max_used=9251Kb free=40172Kb
 bounds [0x00000156887e0000, 0x0000015689180000, 0x000001568b7e0000]
 total_blobs=6054, nmethods=5439, adapters=539, full_count=0
Compilation: enabled, stopped_count=0, restarted_count=0

Compilation events (20 events):
Event: 18.430 Thread 0x00000156da987c50 5471       1       jdk.jfr.internal.EventControl::getSettingsId (5 bytes)
Event: 18.430 Thread 0x00000156913343d0 nmethod 5468 0x000001568894f508 code [0x000001568894f620, 0x000001568894f6e8]
Event: 18.430 Thread 0x00000156913343d0 5472       1       jdk.jfr.internal.EventControl::getNamedControls (5 bytes)
Event: 18.430 Thread 0x00000156da987c50 nmethod 5471 0x000001568894f208 code [0x000001568894f300, 0x000001568894f3c8]
Event: 18.430 Thread 0x00000156d979d5c0 nmethod 5470 0x000001568894ef08 code [0x000001568894f000, 0x000001568894f0c8]
Event: 18.430 Thread 0x00000156da987c50 5474   !   1       jdk.jfr.internal.Control::setValue (102 bytes)
Event: 18.430 Thread 0x00000156d979d5c0 5475       1       jdk.jfr.internal.SettingsManager$InternalSetting::getValues (35 bytes)
Event: 18.430 Thread 0x00000156913343d0 nmethod 5472 0x000001568894ec08 code [0x000001568894ed00, 0x000001568894edc8]
Event: 18.430 Thread 0x00000156913343d0 5476       1       jdk.jfr.internal.Control::apply (10 bytes)
Event: 18.430 Thread 0x00000156913343d0 nmethod 5476 0x000001568894e908 code [0x000001568894ea20, 0x000001568894eb30]
Event: 18.430 Thread 0x00000156913343d0 5477       1       jdk.jfr.internal.Control::findCombine (121 bytes)
Event: 18.430 Thread 0x00000156d979d5c0 nmethod 5475 0x000001568894e588 code [0x000001568894e6c0, 0x000001568894e8c8]
Event: 18.430 Thread 0x00000156d979d5c0 5473       1       jdk.jfr.internal.PlatformEventType::isEnabled (5 bytes)
Event: 18.430 Thread 0x00000156d979d5c0 nmethod 5473 0x000001568894e288 code [0x000001568894e380, 0x000001568894e448]
Event: 18.430 Thread 0x00000156da987c50 nmethod 5474 0x000001568894d988 code [0x000001568894db80, 0x000001568894e210]
Event: 18.431 Thread 0x00000156913343d0 nmethod 5477 0x000001568894d008 code [0x000001568894d1c0, 0x000001568894d970]
Event: 18.435 Thread 0x00000156913343d0 5478       1       jdk.jfr.internal.periodic.EventTask::getEventType (5 bytes)
Event: 18.436 Thread 0x00000156913343d0 nmethod 5478 0x000001568894cd08 code [0x000001568894ce00, 0x000001568894cec8]
Event: 18.436 Thread 0x00000156d979d5c0 5479       1       jdk.jfr.internal.periodic.PeriodicTask::getPeriod (5 bytes)
Event: 18.436 Thread 0x00000156d979d5c0 nmethod 5479 0x000001568894ca08 code [0x000001568894cb00, 0x000001568894cbc8]

GC Heap History (20 events):
Event: 3.296 GC heap before
{Heap before GC invocations=1 (full 0):
 garbage-first heap   total reserved 3631104K, committed 229376K, used 59721K [0x0000000722600000, 0x0000000800000000)
  region size 2048K, 28 young (57344K), 3 survivors (6144K)
 Metaspace       used 21164K, committed 21504K, reserved 1114112K
  class space    used 2267K, committed 2432K, reserved 1048576K
}
Event: 3.304 GC heap after
{Heap after GC invocations=2 (full 0):
 garbage-first heap   total reserved 3631104K, committed 229376K, used 14646K [0x0000000722600000, 0x0000000800000000)
  region size 2048K, 5 young (10240K), 5 survivors (10240K)
 Metaspace       used 21164K, committed 21504K, reserved 1114112K
  class space    used 2267K, committed 2432K, reserved 1048576K
}
Event: 3.770 GC heap before
{Heap before GC invocations=3 (full 0):
 garbage-first heap   total reserved 3631104K, committed 55296K, used 37174K [0x0000000722600000, 0x0000000800000000)
  region size 2048K, 16 young (32768K), 5 survivors (10240K)
 Metaspace       used 23230K, committed 23552K, reserved 1114112K
  class space    used 2511K, committed 2624K, reserved 1048576K
}
Event: 3.778 GC heap after
{Heap after GC invocations=4 (full 0):
 garbage-first heap   total reserved 3631104K, committed 55296K, used 16027K [0x0000000722600000, 0x0000000800000000)
  region size 2048K, 2 young (4096K), 2 survivors (4096K)
 Metaspace       used 23230K, committed 23552K, reserved 1114112K
  class space    used 2511K, committed 2624K, reserved 1048576K
}
Event: 4.179 GC heap before
{Heap before GC invocations=4 (full 0):
 garbage-first heap   total reserved 3631104K, committed 55296K, used 36507K [0x0000000722600000, 0x0000000800000000)
  region size 2048K, 12 young (24576K), 2 survivors (4096K)
 Metaspace       used 25952K, committed 26368K, reserved 1114112K
  class space    used 2864K, committed 3008K, reserved 1048576K
}
Event: 4.184 GC heap after
{Heap after GC invocations=5 (full 0):
 garbage-first heap   total reserved 3631104K, committed 55296K, used 17834K [0x0000000722600000, 0x0000000800000000)
  region size 2048K, 2 young (4096K), 2 survivors (4096K)
 Metaspace       used 25952K, committed 26368K, reserved 1114112K
  class space    used 2864K, committed 3008K, reserved 1048576K
}
Event: 4.616 GC heap before
{Heap before GC invocations=5 (full 0):
 garbage-first heap   total reserved 3631104K, committed 55296K, used 40362K [0x0000000722600000, 0x0000000800000000)
  region size 2048K, 13 young (26624K), 2 survivors (4096K)
 Metaspace       used 28992K, committed 29376K, reserved 1114112K
  class space    used 3242K, committed 3392K, reserved 1048576K
}
Event: 4.620 GC heap after
{Heap after GC invocations=6 (full 0):
 garbage-first heap   total reserved 3631104K, committed 55296K, used 19950K [0x0000000722600000, 0x0000000800000000)
  region size 2048K, 2 young (4096K), 2 survivors (4096K)
 Metaspace       used 28992K, committed 29376K, reserved 1114112K
  class space    used 3242K, committed 3392K, reserved 1048576K
}
Event: 5.072 GC heap before
{Heap before GC invocations=6 (full 0):
 garbage-first heap   total reserved 3631104K, committed 55296K, used 40430K [0x0000000722600000, 0x0000000800000000)
  region size 2048K, 13 young (26624K), 2 survivors (4096K)
 Metaspace       used 34021K, committed 34496K, reserved 1114112K
  class space    used 3778K, committed 3968K, reserved 1048576K
}
Event: 5.076 GC heap after
{Heap after GC invocations=7 (full 0):
 garbage-first heap   total reserved 3631104K, committed 55296K, used 20955K [0x0000000722600000, 0x0000000800000000)
  region size 2048K, 2 young (4096K), 2 survivors (4096K)
 Metaspace       used 34021K, committed 34496K, reserved 1114112K
  class space    used 3778K, committed 3968K, reserved 1048576K
}
Event: 5.208 GC heap before
{Heap before GC invocations=7 (full 0):
 garbage-first heap   total reserved 3631104K, committed 55296K, used 25051K [0x0000000722600000, 0x0000000800000000)
  region size 2048K, 6 young (12288K), 2 survivors (4096K)
 Metaspace       used 35533K, committed 35968K, reserved 1114112K
  class space    used 3981K, committed 4160K, reserved 1048576K
}
Event: 5.212 GC heap after
{Heap after GC invocations=8 (full 0):
 garbage-first heap   total reserved 3631104K, committed 55296K, used 21638K [0x0000000722600000, 0x0000000800000000)
  region size 2048K, 1 young (2048K), 1 survivors (2048K)
 Metaspace       used 35533K, committed 35968K, reserved 1114112K
  class space    used 3981K, committed 4160K, reserved 1048576K
}
Event: 6.744 GC heap before
{Heap before GC invocations=9 (full 0):
 garbage-first heap   total reserved 3631104K, committed 55296K, used 44166K [0x0000000722600000, 0x0000000800000000)
  region size 2048K, 12 young (24576K), 1 survivors (2048K)
 Metaspace       used 41708K, committed 42112K, reserved 1114112K
  class space    used 4578K, committed 4736K, reserved 1048576K
}
Event: 6.748 GC heap after
{Heap after GC invocations=10 (full 0):
 garbage-first heap   total reserved 3631104K, committed 55296K, used 23151K [0x0000000722600000, 0x0000000800000000)
  region size 2048K, 2 young (4096K), 2 survivors (4096K)
 Metaspace       used 41708K, committed 42112K, reserved 1114112K
  class space    used 4578K, committed 4736K, reserved 1048576K
}
Event: 7.313 GC heap before
{Heap before GC invocations=10 (full 0):
 garbage-first heap   total reserved 3631104K, committed 55296K, used 43631K [0x0000000722600000, 0x0000000800000000)
  region size 2048K, 12 young (24576K), 2 survivors (4096K)
 Metaspace       used 45612K, committed 46080K, reserved 1114112K
  class space    used 5083K, committed 5248K, reserved 1048576K
}
Event: 7.318 GC heap after
{Heap after GC invocations=11 (full 0):
 garbage-first heap   total reserved 3631104K, committed 55296K, used 24956K [0x0000000722600000, 0x0000000800000000)
  region size 2048K, 2 young (4096K), 2 survivors (4096K)
 Metaspace       used 45612K, committed 46080K, reserved 1114112K
  class space    used 5083K, committed 5248K, reserved 1048576K
}
Event: 7.823 GC heap before
{Heap before GC invocations=11 (full 0):
 garbage-first heap   total reserved 3631104K, committed 55296K, used 45436K [0x0000000722600000, 0x0000000800000000)
  region size 2048K, 12 young (24576K), 2 survivors (4096K)
 Metaspace       used 48867K, committed 49408K, reserved 1114112K
  class space    used 5460K, committed 5696K, reserved 1048576K
}
Event: 7.828 GC heap after
{Heap after GC invocations=12 (full 0):
 garbage-first heap   total reserved 3631104K, committed 55296K, used 27097K [0x0000000722600000, 0x0000000800000000)
  region size 2048K, 2 young (4096K), 2 survivors (4096K)
 Metaspace       used 48867K, committed 49408K, reserved 1114112K
  class space    used 5460K, committed 5696K, reserved 1048576K
}
Event: 18.413 GC heap before
{Heap before GC invocations=12 (full 0):
 garbage-first heap   total reserved 3631104K, committed 55296K, used 45529K [0x0000000722600000, 0x0000000800000000)
  region size 2048K, 11 young (22528K), 2 survivors (4096K)
 Metaspace       used 50545K, committed 51072K, reserved 1114112K
  class space    used 5696K, committed 5952K, reserved 1048576K
}
Event: 18.419 GC heap after
{Heap after GC invocations=13 (full 0):
 garbage-first heap   total reserved 3631104K, committed 55296K, used 30277K [0x0000000722600000, 0x0000000800000000)
  region size 2048K, 2 young (4096K), 2 survivors (4096K)
 Metaspace       used 50545K, committed 51072K, reserved 1114112K
  class space    used 5696K, committed 5952K, reserved 1048576K
}

Dll operation events (13 events):
Event: 0.083 Loaded shared library C:\Users\galax\.jdks\openjdk-24.0.1\bin\java.dll
Event: 0.225 Loaded shared library C:\Users\galax\.jdks\openjdk-24.0.1\bin\zip.dll
Event: 0.229 Loaded shared library C:\Users\galax\.jdks\openjdk-24.0.1\bin\instrument.dll
Event: 0.236 Loaded shared library C:\Users\galax\.jdks\openjdk-24.0.1\bin\net.dll
Event: 0.239 Loaded shared library C:\Users\galax\.jdks\openjdk-24.0.1\bin\nio.dll
Event: 0.242 Loaded shared library C:\Users\galax\.jdks\openjdk-24.0.1\bin\zip.dll
Event: 0.405 Loaded shared library C:\Users\galax\.jdks\openjdk-24.0.1\bin\jimage.dll
Event: 1.564 Loaded shared library C:\Users\galax\.jdks\openjdk-24.0.1\bin\extnet.dll
Event: 1.593 Loaded shared library C:\Users\galax\.jdks\openjdk-24.0.1\bin\management.dll
Event: 1.603 Loaded shared library C:\Users\galax\.jdks\openjdk-24.0.1\bin\management_ext.dll
Event: 3.151 Loaded shared library C:\Users\galax\.jdks\openjdk-24.0.1\bin\sunmscapi.dll
Event: 5.054 Loaded shared library C:\Users\galax\.jdks\openjdk-24.0.1\bin\verify.dll
Event: 18.276 Loaded shared library C:\Users\galax\AppData\Local\Temp\idea_libasyncProfiler_dll_temp_folder\libasyncProfiler.dll

Deoptimization events (0 events):
No events

Classes loaded (20 events):
Event: 18.402 Loading class jdk/jfr/internal/MetadataWriter
Event: 18.402 Loading class jdk/jfr/internal/MetadataWriter done
Event: 18.402 Loading class jdk/jfr/internal/MetadataDescriptor$Element
Event: 18.402 Loading class jdk/jfr/internal/MetadataDescriptor$Element done
Event: 18.403 Loading class jdk/jfr/internal/MetadataDescriptor$Attribute
Event: 18.403 Loading class jdk/jfr/internal/MetadataDescriptor$Attribute done
Event: 18.410 Loading class jdk/jfr/internal/consumer/StringParser$Encoding
Event: 18.410 Loading class jdk/jfr/internal/consumer/StringParser$Encoding done
Event: 18.422 Loading class jdk/jfr/internal/consumer/RepositoryFiles
Event: 18.422 Loading class jdk/jfr/internal/consumer/RepositoryFiles done
Event: 18.427 Loading class jdk/jfr/internal/SettingsManager$InternalSetting
Event: 18.427 Loading class jdk/jfr/internal/SettingsManager$InternalSetting done
Event: 18.428 Loading class jdk/jfr/internal/util/Rate
Event: 18.428 Loading class jdk/jfr/internal/util/Rate done
Event: 18.428 Loading class jdk/jfr/internal/util/TimespanUnit
Event: 18.429 Loading class jdk/jfr/internal/util/TimespanUnit done
Event: 18.429 Loading class jdk/jfr/internal/util/ValueParser
Event: 18.429 Loading class jdk/jfr/internal/util/ValueParser done
Event: 18.430 Loading class jdk/jfr/internal/periodic/PeriodicType
Event: 18.430 Loading class jdk/jfr/internal/periodic/PeriodicType done

Classes unloaded (0 events):
No events

Classes redefined (0 events):
No events

Internal exceptions (20 events):
Event: 7.253 Thread 0x00000156d78b35e0 Exception <a 'java/lang/NoSuchMethodError'{0x0000000724b2cc18}: 'int java.lang.invoke.DirectMethodHandle$Holder.invokeStaticInit(java.lang.Object, float, float)'> (0x0000000724b2cc18) 
thrown [s\open\src\hotspot\share\interpreter\linkResolver.cpp, line 805]
Event: 7.254 Thread 0x00000156d78b35e0 Exception <a 'java/lang/NoSuchMethodError'{0x0000000724b3d978}: 'int java.lang.invoke.DirectMethodHandle$Holder.invokeStaticInit(java.lang.Object, double, double)'> (0x0000000724b3d978) 
thrown [s\open\src\hotspot\share\interpreter\linkResolver.cpp, line 805]
Event: 7.254 Thread 0x00000156d78b35e0 Exception <a 'java/lang/NoSuchMethodError'{0x0000000724b473a8}: 'int java.lang.invoke.DirectMethodHandle$Holder.invokeStatic(java.lang.Object, long)'> (0x0000000724b473a8) 
thrown [s\open\src\hotspot\share\interpreter\linkResolver.cpp, line 805]
Event: 7.255 Thread 0x00000156d78b35e0 Exception <a 'java/lang/NoSuchMethodError'{0x0000000724b60f78}: 'java.lang.Object java.lang.invoke.DirectMethodHandle$Holder.invokeStatic(java.lang.Object, float)'> (0x0000000724b60f78) 
thrown [s\open\src\hotspot\share\interpreter\linkResolver.cpp, line 805]
Event: 7.256 Thread 0x00000156d78b35e0 Exception <a 'java/lang/NoSuchMethodError'{0x0000000724b9a800}: 'int java.lang.invoke.Invokers$Holder.linkToTargetMethod(java.lang.Object, java.lang.Object)'> (0x0000000724b9a800) 
thrown [s\open\src\hotspot\share\interpreter\linkResolver.cpp, line 805]
Event: 7.257 Thread 0x00000156d78b35e0 Exception <a 'java/lang/NoSuchMethodError'{0x0000000724bade10}: 'void java.lang.invoke.Invokers$Holder.invokeExact_MT(java.lang.Object, java.lang.Object, java.lang.Object, java.lang.Object)'> (0x0000000724bade10) 
thrown [s\open\src\hotspot\share\interpreter\linkResolver.cpp, line 805]
Event: 7.299 Thread 0x00000156d78b35e0 Exception <a 'java/lang/IncompatibleClassChangeError'{0x000000072498af28}: Found class java.lang.Object, but interface was expected> (0x000000072498af28) 
thrown [s\open\src\hotspot\share\interpreter\linkResolver.cpp, line 872]
Event: 7.380 Thread 0x00000156d78b35e0 Exception <a 'java/lang/NoSuchMethodError'{0x0000000730232390}: 'void java.lang.invoke.DirectMethodHandle$Holder.invokeVirtual(java.lang.Object, java.lang.Object, long)'> (0x0000000730232390) 
thrown [s\open\src\hotspot\share\interpreter\linkResolver.cpp, line 805]
Event: 7.440 Thread 0x00000156d78b35e0 Exception <a 'java/lang/NoSuchMethodError'{0x000000072ca42de0}: 'int java.lang.invoke.DirectMethodHandle$Holder.invokeStaticInit(java.lang.Object, java.lang.Object, java.lang.Object, java.lang.Object)'> (0x000000072ca42de0) 
thrown [s\open\src\hotspot\share\interpreter\linkResolver.cpp, line 805]
Event: 7.514 Thread 0x00000156d78b35e0 Exception <a 'java/lang/IncompatibleClassChangeError'{0x000000072c8e0d80}: Found class java.lang.Object, but interface was expected> (0x000000072c8e0d80) 
thrown [s\open\src\hotspot\share\interpreter\linkResolver.cpp, line 872]
Event: 7.635 Thread 0x00000156d78b35e0 Exception <a 'sun/nio/fs/WindowsException'{0x000000072c3b41d0}> (0x000000072c3b41d0) 
thrown [s\open\src\hotspot\share\prims\jni.cpp, line 518]
Event: 7.956 Thread 0x00000156d78b35e0 Exception <a 'java/lang/NoSuchMethodError'{0x000000072ca9a1c0}: 'java.lang.Object java.lang.invoke.DirectMethodHandle$Holder.newInvokeSpecial(java.lang.Object, java.lang.Object, int, java.lang.Object, java.lang.Object)'> (0x000000072ca9a1c0) 
thrown [s\open\src\hotspot\share\interpreter\linkResolver.cpp, line 805]
Event: 8.234 Thread 0x00000156d77da740 Exception <a 'java/lang/NoSuchMethodError'{0x000000072c9849e8}: 'java.lang.Object java.lang.invoke.DirectMethodHandle$Holder.invokeInterface(java.lang.Object, java.lang.Object, java.lang.Object, java.lang.Object, java.lang.Object, java.lang.Object, java.lang.Object)'> (0x000000072c9849e8) 
thrown [s\open\src\hotspot\share\interpreter\linkResolver.cpp, line 805]
Event: 18.317 Thread 0x000001569132c9e0 Exception <a 'java/lang/NoSuchMethodError'{0x000000072c781c18}: 'void java.lang.invoke.DirectMethodHandle$Holder.invokeStaticInit(java.lang.Object)'> (0x000000072c781c18) 
thrown [s\open\src\hotspot\share\interpreter\linkResolver.cpp, line 805]
Event: 18.376 Thread 0x000001569132c9e0 Exception <a 'java/lang/NoSuchMethodError'{0x0000000724d100f8}: 'void java.lang.invoke.DirectMethodHandle$Holder.invokeSpecial(java.lang.Object, java.lang.Object, int)'> (0x0000000724d100f8) 
thrown [s\open\src\hotspot\share\interpreter\linkResolver.cpp, line 805]
Event: 18.377 Thread 0x000001569132c9e0 Exception <a 'java/lang/NoSuchMethodError'{0x0000000724d17d18}: 'void java.lang.invoke.Invokers$Holder.invokeExact_MT(java.lang.Object, int, java.lang.Object)'> (0x0000000724d17d18) 
thrown [s\open\src\hotspot\share\interpreter\linkResolver.cpp, line 805]
Event: 18.379 Thread 0x000001569132c9e0 Exception <a 'java/lang/NoSuchMethodError'{0x0000000724d391b8}: 'java.lang.Object java.lang.invoke.DirectMethodHandle$Holder.newInvokeSpecial(java.lang.Object, java.lang.Object, int)'> (0x0000000724d391b8) 
thrown [s\open\src\hotspot\share\interpreter\linkResolver.cpp, line 805]
Event: 18.381 Thread 0x000001569132c9e0 Exception <a 'sun/nio/fs/WindowsException'{0x0000000724d7f960}> (0x0000000724d7f960) 
thrown [s\open\src\hotspot\share\prims\jni.cpp, line 518]
Event: 18.383 Thread 0x000001569132c9e0 Exception <a 'sun/nio/fs/WindowsException'{0x0000000724d9fae8}> (0x0000000724d9fae8) 
thrown [s\open\src\hotspot\share\prims\jni.cpp, line 518]
Event: 18.400 Thread 0x000001569132c9e0 Exception <a 'sun/nio/fs/WindowsException'{0x0000000724db17b8}> (0x0000000724db17b8) 
thrown [s\open\src\hotspot\share\prims\jni.cpp, line 518]

VM Operations (20 events):
Event: 7.184 Executing VM operation: HandshakeAllThreads (Deoptimize)
Event: 7.184 Executing VM operation: HandshakeAllThreads (Deoptimize) done
Event: 7.244 Executing VM operation: HandshakeAllThreads (Deoptimize)
Event: 7.244 Executing VM operation: HandshakeAllThreads (Deoptimize) done
Event: 7.313 Executing VM operation: G1CollectForAllocation (G1 Evacuation Pause)
Event: 7.318 Executing VM operation: G1CollectForAllocation (G1 Evacuation Pause) done
Event: 7.325 Executing VM operation: HandshakeAllThreads (Deoptimize)
Event: 7.325 Executing VM operation: HandshakeAllThreads (Deoptimize) done
Event: 7.408 Executing VM operation: HandshakeAllThreads (Deoptimize)
Event: 7.408 Executing VM operation: HandshakeAllThreads (Deoptimize) done
Event: 7.633 Executing VM operation: HandshakeAllThreads (Deoptimize)
Event: 7.634 Executing VM operation: HandshakeAllThreads (Deoptimize) done
Event: 7.668 Executing VM operation: HandshakeAllThreads (Deoptimize)
Event: 7.668 Executing VM operation: HandshakeAllThreads (Deoptimize) done
Event: 7.823 Executing VM operation: G1CollectForAllocation (G1 Evacuation Pause)
Event: 7.828 Executing VM operation: G1CollectForAllocation (G1 Evacuation Pause) done
Event: 18.413 Executing VM operation: G1CollectForAllocation (G1 Evacuation Pause)
Event: 18.419 Executing VM operation: G1CollectForAllocation (G1 Evacuation Pause) done
Event: 18.423 Executing VM operation: JFRSafepointClear
Event: 18.423 Executing VM operation: JFRSafepointClear done

Memory protections (0 events):
No events

Nmethod flushes (20 events):
Event: 5.224 Thread 0x0000015691317a30 flushing  nmethod 0x0000015688a9a908
Event: 5.224 Thread 0x0000015691317a30 flushing  nmethod 0x0000015688caeb88
Event: 5.224 Thread 0x0000015691317a30 flushing  nmethod 0x0000015688904888
Event: 5.224 Thread 0x0000015691317a30 flushing  nmethod 0x00000156889b4288
Event: 5.224 Thread 0x0000015691317a30 flushing  nmethod 0x0000015688a1aa08
Event: 5.224 Thread 0x0000015691317a30 flushing  nmethod 0x0000015688a62408
Event: 5.224 Thread 0x0000015691317a30 flushing  nmethod 0x0000015688a62808
Event: 5.224 Thread 0x0000015691317a30 flushing  nmethod 0x0000015688a7be08
Event: 5.224 Thread 0x0000015691317a30 flushing  nmethod 0x0000015688bca788
Event: 5.224 Thread 0x0000015691317a30 flushing  nmethod 0x0000015688cb6088
Event: 5.224 Thread 0x0000015691317a30 flushing  nmethod 0x0000015688d10488
Event: 5.224 Thread 0x0000015691317a30 flushing  nmethod 0x00000156889a5908
Event: 5.224 Thread 0x0000015691317a30 flushing  nmethod 0x0000015688a12708
Event: 5.224 Thread 0x0000015691317a30 flushing  nmethod 0x0000015688a12a08
Event: 5.224 Thread 0x0000015691317a30 flushing  nmethod 0x0000015688a5d508
Event: 5.224 Thread 0x0000015691317a30 flushing  nmethod 0x0000015688bbb008
Event: 5.224 Thread 0x0000015691317a30 flushing  nmethod 0x0000015688bbde88
Event: 5.224 Thread 0x0000015691317a30 flushing  nmethod 0x0000015688d22e88
Event: 5.224 Thread 0x0000015691317a30 flushing  nmethod 0x0000015688d42608
Event: 5.224 Thread 0x0000015691317a30 flushing  nmethod 0x0000015688e05808

Events (20 events):
Event: 7.965 Thread 0x00000156d78b35e0 Thread added: 0x00000156d8930940
Event: 7.977 Thread 0x00000156d78b35e0 Thread added: 0x00000156d8931090
Event: 7.979 Thread 0x00000156d78b35e0 Thread added: 0x00000156d892f350
Event: 7.999 Thread 0x00000156d78b35e0 Thread exited: 0x00000156d78b35e0
Event: 8.001 Thread 0x00000156d78a6cd0 Thread exited: 0x00000156d78a6cd0
Event: 8.001 Thread 0x00000156fe385e70 Thread exited: 0x00000156fe385e70
Event: 8.001 Thread 0x00000156d89317e0 Thread added: 0x00000156d89317e0
Event: 8.203 Thread 0x00000156d77da740 Thread added: 0x00000156d8932dd0
Event: 8.211 Thread 0x00000156d8932dd0 Thread exited: 0x00000156d8932dd0
Event: 8.212 Thread 0x00000156d77da740 Thread added: 0x00000156d8932dd0
Event: 8.238 Thread 0x00000156d8932dd0 Thread exited: 0x00000156d8932dd0
Event: 8.243 Thread 0x00000156d77da740 Thread added: 0x00000156d8932dd0
Event: 8.253 Thread 0x00000156d8932dd0 Thread exited: 0x00000156d8932dd0
Event: 8.928 Thread 0x00000156d769e000 Thread exited: 0x00000156d769e000
Event: 11.310 Thread 0x00000156d769d870 Thread exited: 0x00000156d769d870
Event: 12.390 Thread 0x000001569136e1f0 Thread exited: 0x000001569136e1f0
Event: 18.315 Thread 0x000001569132c9e0 Thread added: 0x00000156d892faa0
Event: 18.351 Thread 0x00000156913343d0 Thread added: 0x00000156d979d5c0
Event: 18.376 Thread 0x00000156913343d0 Thread added: 0x00000156da987c50
Event: 18.379 Thread 0x000001569132c9e0 Thread added: 0x00000156d89301f0


Dynamic libraries:
0x00007ff760c20000 - 0x00007ff760c2e000 	C:\Users\galax\.jdks\openjdk-24.0.1\bin\java.exe
0x00007ff98fe80000 - 0x00007ff9900e3000 	C:\Windows\SYSTEM32\ntdll.dll
0x00007ff98ea70000 - 0x00007ff98eb37000 	C:\Windows\System32\KERNEL32.DLL
0x00007ff98d6d0000 - 0x00007ff98da80000 	C:\Windows\System32\KERNELBASE.dll
0x00007ff98db30000 - 0x00007ff98dc7b000 	C:\Windows\System32\ucrtbase.dll
0x00007ff97e520000 - 0x00007ff97e536000 	C:\Users\galax\.jdks\openjdk-24.0.1\bin\jli.dll
0x00007ff982b50000 - 0x00007ff982b6b000 	C:\Users\galax\.jdks\openjdk-24.0.1\bin\VCRUNTIME140.dll
0x00007ff98fc70000 - 0x00007ff98fe33000 	C:\Windows\System32\USER32.dll
0x00007ff98d6a0000 - 0x00007ff98d6c7000 	C:\Windows\System32\win32u.dll
0x00007ff96ee60000 - 0x00007ff96f0f0000 	C:\Windows\WinSxS\amd64_microsoft.windows.common-controls_6595b64144ccf1df_6.0.26100.1882_none_3e0e949ae32eca40\COMCTL32.dll
0x00007ff98e4e0000 - 0x00007ff98e50a000 	C:\Windows\System32\GDI32.dll
0x00007ff98f020000 - 0x00007ff98f0c9000 	C:\Windows\System32\msvcrt.dll
0x00007ff98d4c0000 - 0x00007ff98d5e3000 	C:\Windows\System32\gdi32full.dll
0x00007ff98d5f0000 - 0x00007ff98d693000 	C:\Windows\System32\msvcp_win.dll
0x00007ff98dd00000 - 0x00007ff98dd2f000 	C:\Windows\System32\IMM32.DLL
0x00007ff989c50000 - 0x00007ff989c5c000 	C:\Users\galax\.jdks\openjdk-24.0.1\bin\vcruntime140_1.dll
0x00007ff95dc80000 - 0x00007ff95dd0e000 	C:\Users\galax\.jdks\openjdk-24.0.1\bin\msvcp140.dll
0x00007ff93e730000 - 0x00007ff93f4d2000 	C:\Users\galax\.jdks\openjdk-24.0.1\bin\server\jvm.dll
0x00007ff98f3a0000 - 0x00007ff98f452000 	C:\Windows\System32\ADVAPI32.dll
0x00007ff98e900000 - 0x00007ff98e9a6000 	C:\Windows\System32\sechost.dll
0x00007ff98df10000 - 0x00007ff98e026000 	C:\Windows\System32\RPCRT4.dll
0x00007ff98f2a0000 - 0x00007ff98f314000 	C:\Windows\System32\WS2_32.dll
0x00007ff98cf70000 - 0x00007ff98cfbe000 	C:\Windows\SYSTEM32\POWRPROF.dll
0x00007ff981830000 - 0x00007ff981866000 	C:\Windows\SYSTEM32\WINMM.dll
0x00007ff9824c0000 - 0x00007ff9824cb000 	C:\Windows\SYSTEM32\VERSION.dll
0x00007ff98cf50000 - 0x00007ff98cf64000 	C:\Windows\SYSTEM32\UMPDC.dll
0x00007ff98c000000 - 0x00007ff98c01a000 	C:\Windows\SYSTEM32\kernel.appcore.dll
0x00007ff986980000 - 0x00007ff98698a000 	C:\Users\galax\.jdks\openjdk-24.0.1\bin\jimage.dll
0x00007ff98ac70000 - 0x00007ff98aeb1000 	C:\Windows\SYSTEM32\DBGHELP.DLL
0x00007ff98e060000 - 0x00007ff98e3dc000 	C:\Windows\System32\combase.dll
0x00007ff98dd50000 - 0x00007ff98de26000 	C:\Windows\System32\OLEAUT32.dll
0x00007ff975570000 - 0x00007ff9755a9000 	C:\Windows\SYSTEM32\dbgcore.DLL
0x00007ff98da90000 - 0x00007ff98db29000 	C:\Windows\System32\bcryptPrimitives.dll
0x00007ff982b40000 - 0x00007ff982b4f000 	C:\Users\galax\.jdks\openjdk-24.0.1\bin\instrument.dll
0x00007ff97e500000 - 0x00007ff97e51e000 	C:\Users\galax\.jdks\openjdk-24.0.1\bin\java.dll
0x00007ff98e760000 - 0x00007ff98e8f9000 	C:\Windows\System32\ole32.dll
0x00007ff98f550000 - 0x00007ff98fc48000 	C:\Windows\System32\SHELL32.dll
0x00007ff98afe0000 - 0x00007ff98b80a000 	C:\Windows\SYSTEM32\windows.storage.dll
0x00007ff98de30000 - 0x00007ff98df03000 	C:\Windows\System32\SHCORE.dll
0x00007ff98e480000 - 0x00007ff98e4dd000 	C:\Windows\System32\shlwapi.dll
0x00007ff98d1a0000 - 0x00007ff98d1c9000 	C:\Windows\SYSTEM32\profapi.dll
0x00007ff973b10000 - 0x00007ff973b27000 	C:\Users\galax\.jdks\openjdk-24.0.1\bin\zip.dll
0x00007ff984ba0000 - 0x00007ff984bb0000 	C:\Users\galax\.jdks\openjdk-24.0.1\bin\net.dll
0x00007ff98c580000 - 0x00007ff98c5e8000 	C:\Windows\system32\mswsock.dll
0x00007ff97dca0000 - 0x00007ff97dcb6000 	C:\Users\galax\.jdks\openjdk-24.0.1\bin\nio.dll
0x00007ff9798e0000 - 0x00007ff9798e9000 	C:\Users\galax\.jdks\openjdk-24.0.1\bin\extnet.dll
0x00007ff98bbb0000 - 0x00007ff98bccf000 	C:\Windows\SYSTEM32\DNSAPI.dll
0x00007ff98bb10000 - 0x00007ff98bb41000 	C:\Windows\SYSTEM32\IPHLPAPI.DLL
0x00007ff98e3e0000 - 0x00007ff98e3ea000 	C:\Windows\System32\NSI.dll
0x00007ff9877f0000 - 0x00007ff9877fb000 	C:\Windows\System32\rasadhlp.dll
0x00007ff9887d0000 - 0x00007ff988856000 	C:\Windows\System32\fwpuclnt.dll
0x00007ff96f4c0000 - 0x00007ff96f4ca000 	C:\Users\galax\.jdks\openjdk-24.0.1\bin\management.dll
0x00007ff96e6f0000 - 0x00007ff96e6fb000 	C:\Users\galax\.jdks\openjdk-24.0.1\bin\management_ext.dll
0x00007ff98dd40000 - 0x00007ff98dd48000 	C:\Windows\System32\PSAPI.DLL
0x00007ff98c930000 - 0x00007ff98c94c000 	C:\Windows\SYSTEM32\CRYPTSP.dll
0x00007ff98c020000 - 0x00007ff98c058000 	C:\Windows\system32\rsaenh.dll
0x00007ff98c620000 - 0x00007ff98c64b000 	C:\Windows\SYSTEM32\USERENV.dll
0x00007ff98cac0000 - 0x00007ff98cae6000 	C:\Windows\SYSTEM32\bcrypt.dll
0x00007ff98c7b0000 - 0x00007ff98c7bc000 	C:\Windows\SYSTEM32\CRYPTBASE.dll
0x00007ff965030000 - 0x00007ff965048000 	C:\Windows\system32\napinsp.dll
0x00007ff965010000 - 0x00007ff965022000 	C:\Windows\System32\winrnr.dll
0x00007ff964fe0000 - 0x00007ff965002000 	C:\Windows\system32\nlansp_c.dll
0x00007ff984ac0000 - 0x00007ff984ad6000 	C:\Windows\system32\wshbth.dll
0x00007ff972010000 - 0x00007ff972066000 	C:\Windows\SYSTEM32\pdh.dll
0x00007ff986a30000 - 0x00007ff986a42000 	C:\Windows\System32\perfproc.dll
0x00007ff985f10000 - 0x00007ff985f21000 	C:\Windows\System32\perfos.dll
0x00007ff98b830000 - 0x00007ff98b842000 	C:\Windows\SYSTEM32\pfclient.dll
0x00007ff97e2a0000 - 0x00007ff97e2ae000 	C:\Users\galax\.jdks\openjdk-24.0.1\bin\sunmscapi.dll
0x00007ff98d280000 - 0x00007ff98d3f6000 	C:\Windows\System32\CRYPT32.dll
0x00007ff98ca80000 - 0x00007ff98cab0000 	C:\Windows\SYSTEM32\ncrypt.dll
0x00007ff98ca30000 - 0x00007ff98ca6f000 	C:\Windows\SYSTEM32\NTASN1.dll
0x00007ff96d390000 - 0x00007ff96d3a0000 	C:\Users\galax\.jdks\openjdk-24.0.1\bin\verify.dll
0x00007ff9745a0000 - 0x00007ff9745a8000 	C:\Windows\system32\wshunix.dll
0x00007ff940b70000 - 0x00007ff940d68000 	C:\Users\galax\AppData\Local\Temp\idea_libasyncProfiler_dll_temp_folder\libasyncProfiler.dll

JVMTI agents:
C:\Program Files\JetBrains\IntelliJ IDEA 2025.1.2\lib\idea_rt.jar path:C:\Users\galax\.jdks\openjdk-24.0.1\bin\instrument.dll, loaded, initialized, instrumentlib options:64886

dbghelp: loaded successfully - version: 4.0.5 - missing functions: none
symbol engine: initialized successfully - sym options: 0x614 - pdb path: .;C:\Users\galax\.jdks\openjdk-24.0.1\bin;C:\Windows\SYSTEM32;C:\Windows\WinSxS\amd64_microsoft.windows.common-controls_6595b64144ccf1df_6.0.26100.1882_none_3e0e949ae32eca40;C:\Users\galax\.jdks\openjdk-24.0.1\bin\server;C:\Users\galax\AppData\Local\Temp\idea_libasyncProfiler_dll_temp_folder

VM Arguments:
jvm_args: -XX:TieredStopAtLevel=1 -Dspring.output.ansi.enabled=always -Dcom.sun.management.jmxremote -Dspring.jmx.enabled=true -Dspring.liveBeansView.mbeanDomain -Dspring.application.admin.enabled=true -Dmanagement.endpoints.jmx.exposure.include=* -javaagent:C:\Program Files\JetBrains\IntelliJ IDEA 2025.1.2\lib\idea_rt.jar=64886 -Dfile.encoding=UTF-8 -Dsun.stdout.encoding=UTF-8 -Dsun.stderr.encoding=UTF-8 
java_command: com.biblioteca.biblioteca_backend.BibliotecaBackendApplication
java_class_path (initial): C:\Users\galax\OneDrive\Documentos\GitHub\SistemaGestionBibliotecas\target\classes;C:\Users\galax\.m2\repository\org\springframework\boot\spring-boot-starter-data-jpa\3.4.4\spring-boot-starter-data-jpa-3.4.4.jar;C:\Users\galax\.m2\repository\org\springframework\boot\spring-boot-starter\3.4.4\spring-boot-starter-3.4.4.jar;C:\Users\galax\.m2\repository\org\springframework\boot\spring-boot-starter-logging\3.4.4\spring-boot-starter-logging-3.4.4.jar;C:\Users\galax\.m2\repository\ch\qos\logback\logback-classic\1.5.18\logback-classic-1.5.18.jar;C:\Users\galax\.m2\repository\ch\qos\logback\logback-core\1.5.18\logback-core-1.5.18.jar;C:\Users\galax\.m2\repository\org\apache\logging\log4j\log4j-to-slf4j\2.24.3\log4j-to-slf4j-2.24.3.jar;C:\Users\galax\.m2\repository\org\apache\logging\log4j\log4j-api\2.24.3\log4j-api-2.24.3.jar;C:\Users\galax\.m2\repository\org\slf4j\jul-to-slf4j\2.0.17\jul-to-slf4j-2.0.17.jar;C:\Users\galax\.m2\repository\jakarta\annotation\jakarta.annotation-api\2.1.1\jakarta.annotation-api-2.1.1.jar;C:\Users\galax\.m2\repository\org\yaml\snakeyaml\2.3\snakeyaml-2.3.jar;C:\Users\galax\.m2\repository\org\springframework\boot\spring-boot-starter-jdbc\3.4.4\spring-boot-starter-jdbc-3.4.4.jar;C:\Users\galax\.m2\repository\com\zaxxer\HikariCP\5.1.0\HikariCP-5.1.0.jar;C:\Users\galax\.m2\repository\org\springframework\spring-jdbc\6.2.5\spring-jdbc-6.2.5.jar;C:\Users\galax\.m2\repository\org\hibernate\orm\hibernate-core\6.6.11.Final\hibernate-core-6.6.11.Final.jar;C:\Users\galax\.m2\repository\jakarta\persistence\jakarta.persistence-api\3.1.0\jakarta.persistence-api-3.1.0.jar;C:\Users\galax\.m2\repository\jakarta\transaction\jakarta.transaction-api\2.0.1\jakarta.transaction-api-2.0.1.jar;C:\Users\galax\.m2\repository\org\jboss\logging\jboss-logging\3.6.1.Final\jboss-logging-3.6.1.Final.jar;C:\Users\galax\.m2\repository\org\hibernate\common\hibernate-commons-annotations\7.0.3.Final\hibernate-commons-annotations-7.0.3.Final.jar;C:\Users\galax\.m2\repository\io\smallrye\jandex\3.2.0\jandex-3.2.0.jar;C:\Users\galax\.m2\repository\com\fasterxml\classmate\1.7.0\classmate-1.7.0.jar;C:\Users\galax\.m2\repository\net\bytebuddy\byte-buddy\1.15.11\byte-buddy-1.15.11.jar;C:\Users\galax\.m2\repository\org\glassfish\jaxb\jaxb-runtime\4.0.5\jaxb-runtime-4.0.5.jar;C:\Users\galax\.m2\repository\org\glassfish\jaxb\jaxb-core\4.0.5\jaxb-core-4.0.5.jar;C:\Users\galax\.m2\repository\org\eclipse\angus\angus-activation\2.0.2\angus-activation-2.0.2.jar;C:\Users\galax\.m2\repository\org\glassfish\jaxb\txw2\4.0.5\txw2-4.0.5.jar;C:\Users\galax\.m2\repository\com\sun\istack\istack-commons-runtime\4.1.2\istack-commons-runtime-4.1.2.jar;C:\Users\galax\.m2\repository\jakarta\inject\jakarta.inject-api\2.0.1\jakarta.inject-api-2.0.1.jar;C:\Users\galax\.m2\repository\org\antlr\antlr4-runtime\4.13.0\antlr4-runtime-4.13.0.jar;C:\Users\galax\.m2\repository\org\springframework\data\spring-data-jpa\3.4.4\spring-data-jpa-3.4.4.jar;C:\Users\galax\.m2\repository\org\springframework\data\spring-data-commons\3.4.4\spring-data-commons-3.4.4.jar;C:\Users\galax\.m2\repository\org\springframework\spring-orm\6.2.5\spring-orm-6.2.5.jar;C:\Users\galax\.m2\repository\org\springframework\spring-context\6.2.5\spring-context-6.2.5.jar;C:\Users\galax\.m2\repository\org\springframework\spring-tx\6.2.5\spring-tx-6.2.5.jar;C:\Users\galax\.m2\repository\org\springframework\spring-beans\6.2.5\spring-beans-6.2.5.jar;C:\Users\galax\.m2\repository\org\slf4j\slf4j-api\2.0.17\slf4j-api-2.0.17.jar;C:\Users\galax\.m2\repository\org\springframework\spring-aspects\6.2.5\spring-aspects-6.2.5.jar;C:\Users\galax\.m2\repository\org\aspectj\aspectjweaver\1.9.23\aspectjweaver-1.9.23.jar;C:\Users\galax\.m2\repository\org\springframework\boot\spring-boot-starter-security\3.4.4\spring-boot-starter-security-3.4.4.jar;C:\Users\galax\.m2\repository\org\springframework\spring-aop\6.2.5\spring-aop-6.2.5.jar;C:\Users\galax\.m2\repository\org\springframework\security\spring-security-config\6.4.4\spring-security-config-6.4.4.jar;C:\Users\galax\.m2\repository\org\springframework\security\spring-security-web\6.4.4\spring-security-web-6.4.4.jar;C:\Users\galax\.m2\repository\org\springframework\spring-expression\6.2.5\spring-expression-6.2.5.jar;C:\Users\galax\.m2\repository\org\springframework\boot\spring-boot-starter-web\3.4.4\spring-boot-starter-web-3.4.4.jar;C:\Users\galax\.m2\repository\org\springframework\boot\spring-boot-starter-json\3.4.4\spring-boot-starter-json-3.4.4.jar;C:\Users\galax\.m2\repository\com\fasterxml\jackson\core\jackson-databind\2.18.3\jackson-databind-2.18.3.jar;C:\Users\galax\.m2\repository\com\fasterxml\jackson\core\jackson-annotations\2.18.3\jackson-annotations-2.18.3.jar;C:\Users\galax\.m2\repository\com\fasterxml\jackson\core\jackson-core\2.18.3\jackson-core-2.18.3.jar;C:\Users\galax\.m2\repository\com\fasterxml\jackson\datatype\jackson-datatype-jdk8\2.18.3\jackson-datatype-jdk8-2.18.3.jar;C:\Users\galax\.m2\repository\com\fasterxml\jackson\datatype\jackson-datatype-jsr310\2.18.3\jackson-datatype-jsr310-2.18.3.jar;C:\Users\galax\.m2\repository\com\fasterxml\jackson\module\jackson-module-parameter-names\2.18.3\jackson-module-parameter-names-2.18.3.jar;C:\Users\galax\.m2\repository\org\springframework\boot\spring-boot-starter-tomcat\3.4.4\spring-boot-starter-tomcat-3.4.4.jar;C:\Users\galax\.m2\repository\org\apache\tomcat\embed\tomcat-embed-core\10.1.39\tomcat-embed-core-10.1.39.jar;C:\Users\galax\.m2\repository\org\apache\tomcat\embed\tomcat-embed-el\10.1.39\tomcat-embed-el-10.1.39.jar;C:\Users\galax\.m2\repository\org\apache\tomcat\embed\tomcat-embed-websocket\10.1.39\tomcat-embed-websocket-10.1.39.jar;C:\Users\galax\.m2\repository\org\springframework\spring-web\6.2.5\spring-web-6.2.5.jar;C:\Users\galax\.m2\repository\io\micrometer\micrometer-observation\1.14.5\micrometer-observation-1.14.5.jar;C:\Users\galax\.m2\repository\io\micrometer\micrometer-commons\1.14.5\micrometer-commons-1.14.5.jar;C:\Users\galax\.m2\repository\org\springframework\spring-webmvc\6.2.5\spring-webmvc-6.2.5.jar;C:\Users\galax\.m2\repository\org\springframework\boot\spring-boot-devtools\3.4.4\spring-boot-devtools-3.4.4.jar;C:\Users\galax\.m2\repository\org\springframework\boot\spring-boot\3.4.4\spring-boot-3.4.4.jar;C:\Users\galax\.m2\repository\org\springframework\boot\spring-boot-autoconfigure\3.4.4\spring-boot-autoconfigure-3.4.4.jar;C:\Users\galax\.m2\repository\com\mysql\mysql-connector-j\9.1.0\mysql-connector-j-9.1.0.jar;C:\Users\galax\.m2\repository\jakarta\xml\bind\jakarta.xml.bind-api\4.0.2\jakarta.xml.bind-api-4.0.2.jar;C:\Users\galax\.m2\repository\jakarta\activation\jakarta.activation-api\2.1.3\jakarta.activation-api-2.1.3.jar;C:\Users\galax\.m2\repository\org\springframework\spring-core\6.2.5\spring-core-6.2.5.jar;C:\Users\galax\.m2\repository\org\springframework\spring-jcl\6.2.5\spring-jcl-6.2.5.jar;C:\Users\galax\.m2\repository\org\springframework\security\spring-security-core\6.4.4\spring-security-core-6.4.4.jar;C:\Users\galax\.m2\repository\org\springframework\security\spring-security-crypto\6.4.4\spring-security-crypto-6.4.4.jar;C:\Users\galax\.m2\repository\org\json\json\20230227\json-20230227.jar
Launcher Type: SUN_STANDARD

[Global flags]
     intx CICompilerCount                          = 4                                         {product} {ergonomic}
     uint ConcGCThreads                            = 3                                         {product} {ergonomic}
     bool FlightRecorder                           = true                                      {product} {management}
     uint G1ConcRefinementThreads                  = 10                                        {product} {ergonomic}
   size_t G1HeapRegionSize                         = 2097152                                   {product} {ergonomic}
   size_t InitialHeapSize                          = 232783872                                 {product} {ergonomic}
     bool ManagementServer                         = true                                      {product} {command line}
   size_t MarkStackSize                            = 4194304                                   {product} {ergonomic}
   size_t MarkStackSizeMax                         = 536870912                                 {product} {ergonomic}
   size_t MaxHeapSize                              = 3718250496                                {product} {ergonomic}
   size_t MaxNewSize                               = 2229272576                                {product} {ergonomic}
   size_t MinHeapDeltaBytes                        = 2097152                                   {product} {ergonomic}
   size_t MinHeapSize                              = 8388608                                   {product} {ergonomic}
    uintx NonNMethodCodeHeapSize                   = 4096                                   {pd product} {ergonomic}
    uintx NonProfiledCodeHeapSize                  = 0                                      {pd product} {ergonomic}
     bool ProfileInterpreter                       = false                                  {pd product} {command line}
    uintx ProfiledCodeHeapSize                     = 0                                      {pd product} {ergonomic}
   size_t SoftMaxHeapSize                          = 3718250496                             {manageable} {ergonomic}
     intx TieredStopAtLevel                        = 1                                         {product} {command line}
     bool UseCompressedOops                        = true                           {product lp64_product} {ergonomic}
     bool UseG1GC                                  = true                                      {product} {ergonomic}
     bool UseLargePagesIndividualAllocation        = false                                  {pd product} {ergonomic}

Logging:
Log output configuration:
 #0: stdout all=warning uptime,level,tags foldmultilines=false
 #1: stderr all=off uptime,level,tags foldmultilines=false

Environment Variables:
PATH=C:\Program Files\Eclipse Adoptium\jdk-21.0.7.6-hotspot\bin;C:\Windows\system32;C:\Windows;C:\Windows\System32\Wbem;C:\Windows\System32\WindowsPowerShell\v1.0\;C:\Windows\System32\OpenSSH\;C:\Program Files\Git\cmd;C:\Program Files\nodejs\;C:\Users\galax\AppData\Local\Microsoft\WindowsApps;C:\Users\galax\AppData\Local\GitHubDesktop\bin;C:\Users\galax\AppData\Roaming\npm
USERNAME=galax
OS=Windows_NT
PROCESSOR_IDENTIFIER=AMD64 Family 25 Model 80 Stepping 0, AuthenticAMD
TMP=C:\Users\galax\AppData\Local\Temp
TEMP=C:\Users\galax\AppData\Local\Temp




Periodic native trim disabled

---------------  S Y S T E M  ---------------

OS:
 Windows 11 , 64 bit Build 26100 (10.0.26100.1882)
OS uptime: 1 days 10:45 hours
Hyper-V role detected

CPU: total 12 (initial active 12) (12 cores per cpu, 2 threads per core) family 25 model 80 stepping 0 microcode 0xa500011, cx8, cmov, fxsr, ht, mmx, 3dnowpref, sse, sse2, sse3, ssse3, sse4a, sse4.1, sse4.2, popcnt, lzcnt, tsc, tscinvbit, avx, avx2, aes, erms, clmul, bmi1, bmi2, adx, sha, fma, vzeroupper, clflush, clflushopt, hv, rdtscp, rdpid, fsrm, f16c, cet_ss
Processor Information for processor 0
  Max Mhz: 2000, Current Mhz: 1808, Mhz Limit: 2000
Processor Information for processor 1
  Max Mhz: 2000, Current Mhz: 1808, Mhz Limit: 2000
Processor Information for processor 2
  Max Mhz: 2000, Current Mhz: 1808, Mhz Limit: 2000
Processor Information for processor 3
  Max Mhz: 2000, Current Mhz: 1808, Mhz Limit: 2000
Processor Information for processor 4
  Max Mhz: 2000, Current Mhz: 2000, Mhz Limit: 2000
Processor Information for processor 5
  Max Mhz: 2000, Current Mhz: 2000, Mhz Limit: 2000
Processor Information for processor 6
  Max Mhz: 2000, Current Mhz: 1808, Mhz Limit: 2000
Processor Information for processor 7
  Max Mhz: 2000, Current Mhz: 2000, Mhz Limit: 2000
Processor Information for processor 8
  Max Mhz: 2000, Current Mhz: 1808, Mhz Limit: 2000
Processor Information for processor 9
  Max Mhz: 2000, Current Mhz: 1808, Mhz Limit: 2000
Processor Information for processor 10
  Max Mhz: 2000, Current Mhz: 1808, Mhz Limit: 2000
Processor Information for processor 11
  Max Mhz: 2000, Current Mhz: 2000, Mhz Limit: 2000

Memory: 4k page, system-wide physical 14177M (1010M free)
TotalPageFile size 18935M (AvailPageFile size 1095M)
current process WorkingSet (physical memory assigned to process): 192M, peak: 192M
current process commit charge ("private bytes"): 260M, peak: 356M

vm_info: OpenJDK 64-Bit Server VM (24.0.1+9-30) for windows-amd64 JRE (24.0.1+9-30), built on 2025-03-05T07:23:45Z with MS VC++ 17.6 (VS2022)

END.
